<?xml version="1.0" encoding="UTF-8"?>
<!-- Generated by org.testng.reporters.JUnitXMLReporter -->
<testsuite hostname="DESKTOP-LHMO7C5" failures="0" tests="2" name="Surefire test" time="0.026" errors="0" timestamp="27 Dec 2023 11:09:16 GMT">
  <testcase classname="Assign_MDIT2.Parallel_1" name="@BeforeTest test1" time="0.0">
    <failure type="org.testng.TestNGException" message="
Parameter &amp;apos;mybrowser&amp;apos; is required by @Configuration on method test1 but has not been marked @Optional or defined
">
      <![CDATA[org.testng.TestNGException: 
Parameter 'mybrowser' is required by @Configuration on method test1 but has not been marked @Optional or defined

... Removed 24 stack frames]]>
    </failure>
  </testcase> <!-- @BeforeTest test1 -->
  <testcase classname="Assign_MDIT2.Parallel_1" name="@BeforeTest test1" time="0.0">
    <skipped/>
  </testcase> <!-- @BeforeTest test1 -->
  <testcase classname="Assign_MDIT2.Parallel_1" name="test2" time="0.003">
    <skipped/>
  </testcase> <!-- test2 -->
  <testcase classname="Assign_MDIT2.Parallel_2" name="test2" time="0.0">
    <skipped/>
  </testcase> <!-- test2 -->
</testsuite> <!-- Surefire test -->
